<?xml version="1.0" encoding="UTF-8"?>
<!-- Generated by org.testng.reporters.JUnitReportReporter -->
<testsuite hostname="MTLP-528" name="sampletests.FirstTest" tests="2" failures="0" timestamp="4 Jul 2019 06:15:39 GMT" time="21.482" errors="0">
  <testcase name="open" time="10.552" classname="sampletests.FirstTest"/>
  <testcase name="open2" time="10.930" classname="sampletests.FirstTest"/>
</testsuite> <!-- sampletests.FirstTest -->
