<?xml version="1.0" encoding="UTF-8"?>
<!-- Generated by org.testng.reporters.JUnitReportReporter -->
<testsuite hostname="MTLP-528" name="sampletests.FirstTest" tests="1" failures="0" timestamp="2 Jul 2019 14:27:22 GMT" time="9.145" errors="0">
  <testcase name="open" time="9.145" classname="sampletests.FirstTest"/>
</testsuite> <!-- sampletests.FirstTest -->
